#! /usr/bin/vvp
:ivl_version "10.1 (stable)" "(v10_1)";
:ivl_delay_selection "TYPICAL";
:vpi_time_precision + 0;
:vpi_module "system";
:vpi_module "vhdl_sys";
:vpi_module "v2005_math";
:vpi_module "va_math";
S_0xfd5b40 .scope module, "HazDetect_unit" "HazDetect_unit" 2 1;
 .timescale 0 0;
    .port_info 0 /INPUT 1 "clk_i"
    .port_info 1 /INPUT 1 "MemRead_i"
    .port_info 2 /INPUT 5 "Prev_RT_i"
    .port_info 3 /INPUT 10 "RSRT_i"
    .port_info 4 /OUTPUT 1 "PCWrite_o"
    .port_info 5 /OUTPUT 1 "IFIDWrite_o"
    .port_info 6 /OUTPUT 1 "IDEXWrite_o"
v0xfd5d70_0 .net "Cur_RS", 4 0, L_0x1030210;  1 drivers
v0x102f9a0_0 .net "Cur_RT", 4 0, L_0x10302e0;  1 drivers
v0x102fa80_0 .var "IDEXWrite_o", 0 0;
v0x102fb50_0 .var "IFIDWrite_o", 0 0;
o0x7f65acc520d8 .functor BUFZ 1, C4<z>; HiZ drive
v0x102fc10_0 .net "MemRead_i", 0 0, o0x7f65acc520d8;  0 drivers
v0x102fd20_0 .var "PCWrite_o", 0 0;
o0x7f65acc52138 .functor BUFZ 5, C4<zzzzz>; HiZ drive
v0x102fde0_0 .net "Prev_RT_i", 4 0, o0x7f65acc52138;  0 drivers
o0x7f65acc52168 .functor BUFZ 10, C4<zzzzzzzzzz>; HiZ drive
v0x102fec0_0 .net "RSRT_i", 9 0, o0x7f65acc52168;  0 drivers
o0x7f65acc52198 .functor BUFZ 1, C4<z>; HiZ drive
v0x102ffa0_0 .net "clk_i", 0 0, o0x7f65acc52198;  0 drivers
E_0x100b960 .event posedge, v0x102ffa0_0;
L_0x1030210 .part o0x7f65acc52168, 5, 5;
L_0x10302e0 .part o0x7f65acc52168, 0, 5;
    .scope S_0xfd5b40;
T_0 ;
    %wait E_0x100b960;
    %load/vec4 v0x102fc10_0;
    %load/vec4 v0x102fde0_0;
    %load/vec4 v0xfd5d70_0;
    %cmp/e;
    %flag_get/vec4 4;
    %load/vec4 v0x102fde0_0;
    %load/vec4 v0x102f9a0_0;
    %cmp/e;
    %flag_get/vec4 4;
    %or;
    %and;
    %flag_set/vec4 8;
    %jmp/0xz  T_0.0, 8;
    %pushi/vec4 1, 0, 1;
    %store/vec4 v0x102fd20_0, 0, 1;
    %pushi/vec4 1, 0, 1;
    %store/vec4 v0x102fb50_0, 0, 1;
    %pushi/vec4 1, 0, 1;
    %store/vec4 v0x102fa80_0, 0, 1;
    %jmp T_0.1;
T_0.0 ;
    %pushi/vec4 0, 0, 1;
    %store/vec4 v0x102fd20_0, 0, 1;
    %pushi/vec4 0, 0, 1;
    %store/vec4 v0x102fb50_0, 0, 1;
    %pushi/vec4 0, 0, 1;
    %store/vec4 v0x102fa80_0, 0, 1;
T_0.1 ;
    %jmp T_0;
    .thread T_0;
# The file index is used to find the file name in the following table.
:file_names 3;
    "N/A";
    "<interactive>";
    "HazDetect_unit.v";
